[03:38:58]Connect command pressed
[Jul 07, 16, 03:38:58] Connection made to E. server on port 5502
[Jul 07, 16, 03:38:58] Receieved from E. server: status 20075,-952132416

[Jul 07, 16, 03:38:58] 20075,-952132416 Startup callback entered
('[Jul 07, 16, 03:38:58] key from post:', 'status')
('[Jul 07, 16, 03:38:58] Stats in log:', ['20075'])
[Jul 07, 16, 03:38:58] entered logMethod
[03:38:58]logging from exposure class
[Jul 07, 16, 03:38:58] status from connect callback 20075
[Jul 07, 16, 03:38:58] Sent to E. server: connect
[Jul 07, 16, 03:39:02] Receieved from E. server: connect 20002

('[Jul 07, 16, 03:39:02] key from post:', 'connect')
('[Jul 07, 16, 03:39:02] Stats in log:', ['20002'])
[Jul 07, 16, 03:39:02] entered logMethod
[03:39:02]logging from exposure class
[Jul 07, 16, 03:39:02] Sent to E. server: temp[Jul 07, 16, 03:39:02] Started up from callStartup method

[Jul 07, 16, 03:39:02] Receieved from E. server: temp 20034,20002,18.7520008087,26.5400009155,295.09677124,0.0

[Jul 07, 16, 03:39:12] Sent to E. server: temp
[Jul 07, 16, 03:39:12] Receieved from E. server: temp 20034,20002,18.7520008087,26.5400009155,295.09677124,0.0

[Jul 07, 16, 03:39:22] Sent to E. server: temp
[Jul 07, 16, 03:39:22] Receieved from E. server: temp 20034,20002,19.4009990692,26.5400009155,295.09677124,0.0

[Jul 07, 16, 03:39:32] Sent to E. server: temp
[Jul 07, 16, 03:39:32] Receieved from E. server: temp 20034,20002,19.4009990692,26.5400009155,295.09677124,0.0

[Jul 07, 16, 03:39:39] -80.0
[Jul 07, 16, 03:39:39] entered log
[Jul 07, 16, 03:39:39] logging from temperature class
[Jul 07, 16, 03:39:39] Sent to E. server: setTEC -80
[Jul 07, 16, 03:39:39] Receieved from E. server: setTEC -80

('[Jul 07, 16, 03:39:39] key from post:', 'setTEC')
('[Jul 07, 16, 03:39:39] Stats in log:', ['-80'])
[Jul 07, 16, 03:39:39] entered log
[Jul 07, 16, 03:39:39] logging from temperature class
[Jul 07, 16, 03:39:39] Cooling to: -80
[Jul 07, 16, 03:39:42] Sent to E. server: temp
[Jul 07, 16, 03:39:42] Receieved from E. server: temp 20037,20002,19.4009990692,-79.8960037231,299.8387146,0.0

[Jul 07, 16, 03:39:49] Real Time
[Jul 07, 16, 03:39:50] Object
[Jul 07, 16, 03:39:52] Sent to E. server: temp
[Jul 07, 16, 03:39:52] Receieved from E. server: temp 20037,20002,17.454000473,-79.8960037231,301.419342041,0.0

[Jul 07, 16, 03:40:02] Sent to E. server: temp
[Jul 07, 16, 03:40:02] Receieved from E. server: temp 20037,20002,13.5600004196,-79.8960037231,306.1612854,0.0

[Jul 07, 16, 03:40:12] Sent to E. server: temp
[Jul 07, 16, 03:40:12] Receieved from E. server: temp 20037,20002,7.71899986267,-79.8960037231,310.90322876,0.0

[Jul 07, 16, 03:40:22] Sent to E. server: temp
[Jul 07, 16, 03:40:22] Receieved from E. server: temp 20037,20002,1.87800002098,-80.5449981689,314.06451416,0.0

[Jul 07, 16, 03:40:32] Sent to E. server: temp
[Jul 07, 16, 03:40:32] Receieved from E. server: temp 20037,20002,-4.61199998856,-80.5449981689,315.645172119,0.0

[Jul 07, 16, 03:40:42] Sent to E. server: temp
[Jul 07, 16, 03:40:42] Receieved from E. server: temp 20037,20002,-10.4530000687,-80.5449981689,317.225799561,0.0

[Jul 07, 16, 03:40:52] Sent to E. server: temp
[Jul 07, 16, 03:40:52] Receieved from E. server: temp 20037,20002,-16.2940006256,-80.5449981689,320.387084961,0.0

[Jul 07, 16, 03:41:02] Sent to E. server: temp
[Jul 07, 16, 03:41:02] Receieved from E. server: temp 20037,20002,-22.1350002289,-80.5449981689,320.387084961,0.0

[Jul 07, 16, 03:41:12] Sent to E. server: temp
[Jul 07, 16, 03:41:12] Receieved from E. server: temp 20037,20002,-27.3269996643,-80.5449981689,320.387084961,0.0

[Jul 07, 16, 03:41:22] Sent to E. server: temp
[Jul 07, 16, 03:41:22] Receieved from E. server: temp 20037,20002,-31.8700008392,-80.5449981689,321.96774292,0.0

[Jul 07, 16, 03:41:32] Sent to E. server: temp
[Jul 07, 16, 03:41:32] Receieved from E. server: temp 20037,20002,-36.4129981995,-80.5449981689,321.96774292,0.0

[Jul 07, 16, 03:41:42] Sent to E. server: temp
[Jul 07, 16, 03:41:42] Receieved from E. server: temp 20037,20002,-40.3069992065,-80.5449981689,321.96774292,0.0

[Jul 07, 16, 03:41:52] Sent to E. server: temp
[Jul 07, 16, 03:41:52] Receieved from E. server: temp 20037,20002,-44.8499984741,-80.5449981689,321.96774292,0.0

[Jul 07, 16, 03:42:02] Sent to E. server: temp
[Jul 07, 16, 03:42:02] Receieved from E. server: temp 20037,20002,-48.0950012207,-80.5449981689,321.96774292,0.0

[Jul 07, 16, 03:42:12] Sent to E. server: temp
[Jul 07, 16, 03:42:12] Receieved from E. server: temp 20037,20002,-51.9889984131,-80.5449981689,321.96774292,0.0

[Jul 07, 16, 03:42:22] Sent to E. server: temp
[Jul 07, 16, 03:42:22] Receieved from E. server: temp 20037,20002,-55.2340011597,-80.5449981689,321.96774292,0.0

[Jul 07, 16, 03:42:32] Sent to E. server: temp
[Jul 07, 16, 03:42:32] Receieved from E. server: temp 20037,20002,-58.4790000916,-80.5449981689,321.96774292,0.0

[Jul 07, 16, 03:42:42] Sent to E. server: temp
[Jul 07, 16, 03:42:42] Receieved from E. server: temp 20037,20002,-61.0750007629,-80.5449981689,321.96774292,0.0

[Jul 07, 16, 03:42:52] Sent to E. server: temp
[Jul 07, 16, 03:42:52] Receieved from E. server: temp 20037,20002,-64.3199996948,-80.5449981689,321.96774292,0.0

[Jul 07, 16, 03:43:02] Sent to E. server: temp
[Jul 07, 16, 03:43:02] Receieved from E. server: temp 20037,20002,-66.266998291,-80.5449981689,321.96774292,0.0

[Jul 07, 16, 03:43:12] Sent to E. server: temp
[Jul 07, 16, 03:43:12] Receieved from E. server: temp 20037,20002,-68.8629989624,-80.5449981689,321.96774292,0.0

[Jul 07, 16, 03:43:22] Sent to E. server: temp
[Jul 07, 16, 03:43:22] Receieved from E. server: temp 20037,20002,-70.8099975586,-80.5449981689,321.96774292,0.0

[Jul 07, 16, 03:43:32] Sent to E. server: temp
[Jul 07, 16, 03:43:32] Receieved from E. server: temp 20037,20002,-72.108001709,-80.5449981689,323.548400879,0.0

[Jul 07, 16, 03:43:42] Sent to E. server: temp
[Jul 07, 16, 03:43:42] Receieved from E. server: temp 20037,20002,-74.7040023804,-80.5449981689,323.548400879,0.0

[Jul 07, 16, 03:43:52] Sent to E. server: temp
[Jul 07, 16, 03:43:52] Receieved from E. server: temp 20037,20002,-76.0019989014,-80.5449981689,323.548400879,0.0

[Jul 07, 16, 03:44:02] Sent to E. server: temp
[Jul 07, 16, 03:44:02] Receieved from E. server: temp 20037,20002,-77.3000030518,-80.5449981689,323.548400879,0.0

[Jul 07, 16, 03:44:13] Sent to E. server: temp
[Jul 07, 16, 03:44:13] Receieved from E. server: temp 20035,20002,-79.2470016479,-80.5449981689,323.548400879,0.0

[Jul 07, 16, 03:44:23] Sent to E. server: temp
[Jul 07, 16, 03:44:23] Receieved from E. server: temp 20035,20002,-79.8960037231,-80.5449981689,323.548400879,0.0

[Jul 07, 16, 03:44:33] Sent to E. server: temp
[Jul 07, 16, 03:44:33] Receieved from E. server: temp 20035,20002,-81.1940002441,-80.5449981689,323.548400879,0.0

[Jul 07, 16, 03:44:43] Sent to E. server: temp
[Jul 07, 16, 03:44:43] Receieved from E. server: temp 20035,20002,-81.8430023193,-80.5449981689,323.548400879,0.0

[Jul 07, 16, 03:44:53] Sent to E. server: temp
[Jul 07, 16, 03:44:53] Receieved from E. server: temp 20037,20002,-83.1409988403,-80.5449981689,323.548400879,0.0

[Jul 07, 16, 03:45:03] Sent to E. server: temp
[Jul 07, 16, 03:45:03] Receieved from E. server: temp 20037,20002,-83.1409988403,-80.5449981689,325.12902832,0.0

[Jul 07, 16, 03:45:13] Sent to E. server: temp
[Jul 07, 16, 03:45:13] Receieved from E. server: temp 20037,20002,-83.7900009155,-80.5449981689,325.12902832,0.0

[Jul 07, 16, 03:45:23] Sent to E. server: temp
[Jul 07, 16, 03:45:23] Receieved from E. server: temp 20037,20002,-83.1409988403,-80.5449981689,326.709686279,0.0

[Jul 07, 16, 03:45:33] Sent to E. server: temp
[Jul 07, 16, 03:45:33] Receieved from E. server: temp 20037,20002,-83.1409988403,-80.5449981689,328.290313721,0.0

[Jul 07, 16, 03:45:43] Sent to E. server: temp
[Jul 07, 16, 03:45:43] Receieved from E. server: temp 20035,20002,-82.4919967651,-80.5449981689,328.290313721,0.0

[Jul 07, 16, 03:45:53] Sent to E. server: temp
[Jul 07, 16, 03:45:53] Receieved from E. server: temp 20035,20002,-81.8430023193,-80.5449981689,328.290313721,0.0

[Jul 07, 16, 03:45:59] from attributes filter is: 
[Jul 07, 16, 03:45:59] entered log
[Jul 07, 16, 03:45:59] logging from exposure class
[Jul 07, 16, 03:45:59] Sent to E. server: real object 1 1 2 3
[Jul 07, 16, 03:46:02] Receieved from E. server: realSent /tmp/image_2016718_3462_230713.fits

[Jul 07, 16, 03:46:02] current slider value 60
[Jul 07, 16, 03:46:02] Opening image window.
[Jul 07, 16, 03:46:03] Sent to E. server: temp
[Jul 07, 16, 03:46:03] Receieved from E. server: temp 20035,20002,-81.8430023193,-80.5449981689,329.87097168,0.0

[Jul 07, 16, 03:46:03] Receieved from E. server: realSent /tmp/image_2016718_3463_399523.fits

[Jul 07, 16, 03:46:04] Receieved from E. server: realSent /tmp/image_2016718_3464_568211.fits

[Jul 07, 16, 03:46:05] Receieved from E. server: realSent /tmp/image_2016718_3465_737015.fits

[Jul 07, 16, 03:46:06] Receieved from E. server: realSent /tmp/image_2016718_3466_905846.fits

[Jul 07, 16, 03:46:08] Receieved from E. server: realSent /tmp/image_2016718_3468_74566.fits

[Jul 07, 16, 03:46:09] Receieved from E. server: realSent /tmp/image_2016718_3469_243303.fits

[Jul 07, 16, 03:46:10] Receieved from E. server: realSent /tmp/image_2016718_34610_412095.fits

[Jul 07, 16, 03:46:11] Receieved from E. server: realSent /tmp/image_2016718_34611_580966.fits

[Jul 07, 16, 03:46:12] Receieved from E. server: realSent /tmp/image_2016718_34612_749683.fits

[Jul 07, 16, 03:46:13] Sent to E. server: temp
[Jul 07, 16, 03:46:13] Receieved from E. server: temp 20035,20002,-81.8430023193,-80.5449981689,329.87097168,0.0

[Jul 07, 16, 03:46:13] Receieved from E. server: realSent /tmp/image_2016718_34613_918463.fits

[Jul 07, 16, 03:46:15] Receieved from E. server: realSent /tmp/image_2016718_34615_87178.fits

[Jul 07, 16, 03:46:16] Receieved from E. server: realSent /tmp/image_2016718_34616_255930.fits

[Jul 07, 16, 03:46:17] Receieved from E. server: realSent /tmp/image_2016718_34617_424648.fits

[Jul 07, 16, 03:46:18] Receieved from E. server: realSent /tmp/image_2016718_34618_593526.fits

[Jul 07, 16, 03:46:19] Receieved from E. server: realSent /tmp/image_2016718_34619_762309.fits

[Jul 07, 16, 03:46:20] Receieved from E. server: realSent /tmp/image_2016718_34620_931101.fits

[Jul 07, 16, 03:46:22] Receieved from E. server: realSent /tmp/image_2016718_34622_99781.fits

[Jul 07, 16, 03:46:23] Sent to E. server: temp
[Jul 07, 16, 03:46:23] Receieved from E. server: temp 20035,20002,-81.8430023193,-80.5449981689,329.87097168,0.0

[Jul 07, 16, 03:46:23] Receieved from E. server: realSent /tmp/image_2016718_34623_276972.fits

[Jul 07, 16, 03:46:24] Receieved from E. server: realSent /tmp/image_2016718_34624_437364.fits

[Jul 07, 16, 03:46:25] Receieved from E. server: realSent /tmp/image_2016718_34625_606085.fits

[Jul 07, 16, 03:46:26] Receieved from E. server: realSent /tmp/image_2016718_34626_774787.fits

[Jul 07, 16, 03:46:27] Receieved from E. server: realSent /tmp/image_2016718_34627_943599.fits

[Jul 07, 16, 03:46:29] Receieved from E. server: realSent /tmp/image_2016718_34629_112420.fits

[Jul 07, 16, 03:46:30] Receieved from E. server: realSent /tmp/image_2016718_34630_281115.fits

[Jul 07, 16, 03:46:31] Receieved from E. server: realSent /tmp/image_2016718_34631_449996.fits

[Jul 07, 16, 03:46:32] Receieved from E. server: realSent /tmp/image_2016718_34632_618639.fits

[Jul 07, 16, 03:46:33] Sent to E. server: temp
[Jul 07, 16, 03:46:33] Receieved from E. server: temp 20035,20002,-81.8430023193,-80.5449981689,329.87097168,0.0

[Jul 07, 16, 03:46:33] Receieved from E. server: realSent /tmp/image_2016718_34633_787413.fits

[Jul 07, 16, 03:46:34] Receieved from E. server: realSent /tmp/image_2016718_34634_956171.fits

[Jul 07, 16, 03:46:36] Receieved from E. server: realSent /tmp/image_2016718_34636_124858.fits

[Jul 07, 16, 03:46:37] Receieved from E. server: realSent /tmp/image_2016718_34637_293835.fits

[Jul 07, 16, 03:46:38] Receieved from E. server: realSent /tmp/image_2016718_34638_462597.fits

[Jul 07, 16, 03:46:39] Receieved from E. server: realSent /tmp/image_2016718_34639_631402.fits

[Jul 07, 16, 03:46:40] Receieved from E. server: realSent /tmp/image_2016718_34640_799957.fits

[Jul 07, 16, 03:46:41] Receieved from E. server: realSent /tmp/image_2016718_34641_968948.fits

[Jul 07, 16, 03:46:43] Sent to E. server: temp
[Jul 07, 16, 03:46:43] Receieved from E. server: temp 20035,20002,-81.1940002441,-80.5449981689,329.87097168,0.0

[Jul 07, 16, 03:46:43] Receieved from E. server: realSent /tmp/image_2016718_34643_145567.fits

[Jul 07, 16, 03:46:44] Receieved from E. server: realSent /tmp/image_2016718_34644_306355.fits

[Jul 07, 16, 03:46:45] Receieved from E. server: realSent /tmp/image_2016718_34645_475046.fits

[Jul 07, 16, 03:46:46] Receieved from E. server: realSent /tmp/image_2016718_34646_643817.fits

[Jul 07, 16, 03:46:47] Receieved from E. server: realSent /tmp/image_2016718_34647_812630.fits

[Jul 07, 16, 03:46:48] Receieved from E. server: realSent /tmp/image_2016718_34648_981357.fits

[Jul 07, 16, 03:46:50] Receieved from E. server: realSent /tmp/image_2016718_34650_150280.fits

[Jul 07, 16, 03:46:51] Receieved from E. server: realSent /tmp/image_2016718_34651_319030.fits

[Jul 07, 16, 03:46:52] Receieved from E. server: realSent /tmp/image_2016718_34652_487648.fits

[Jul 07, 16, 03:46:53] Sent to E. server: temp
[Jul 07, 16, 03:46:53] Receieved from E. server: temp 20035,20002,-81.1940002441,-80.5449981689,329.87097168,0.0

[Jul 07, 16, 03:46:53] Receieved from E. server: realSent /tmp/image_2016718_34653_656534.fits

[Jul 07, 16, 03:46:54] Receieved from E. server: realSent /tmp/image_2016718_34654_825118.fits

[Jul 07, 16, 03:46:55] Receieved from E. server: realSent /tmp/image_2016718_34655_994090.fits

[Jul 07, 16, 03:46:57] Receieved from E. server: realSent /tmp/image_2016718_34657_162664.fits

[Jul 07, 16, 03:46:58] Receieved from E. server: realSent /tmp/image_2016718_34658_331542.fits

[Jul 07, 16, 03:46:59] Receieved from E. server: realSent /tmp/image_2016718_34659_500285.fits

[Jul 07, 16, 03:47:00] Receieved from E. server: realSent /tmp/image_2016718_3470_668975.fits

[Jul 07, 16, 03:47:01] Receieved from E. server: realSent /tmp/image_2016718_3471_837861.fits

[Jul 07, 16, 03:47:03] Receieved from E. server: realSent /tmp/image_2016718_3473_6628.fits

[Jul 07, 16, 03:47:03] Sent to E. server: temp
[Jul 07, 16, 03:47:03] Receieved from E. server: temp 20035,20002,-81.1940002441,-80.5449981689,328.290313721,0.0

[Jul 07, 16, 03:47:04] Receieved from E. server: realSent /tmp/image_2016718_3474_175282.fits

[Jul 07, 16, 03:47:05] Receieved from E. server: realSent /tmp/image_2016718_3475_344102.fits

[Jul 07, 16, 03:47:06] Receieved from E. server: realSent /tmp/image_2016718_3476_512718.fits

[Jul 07, 16, 03:47:07] Receieved from E. server: realSent /tmp/image_2016718_3477_681577.fits

[Jul 07, 16, 03:47:08] Receieved from E. server: realSent /tmp/image_2016718_3478_850396.fits

[Jul 07, 16, 03:47:10] Receieved from E. server: realSent /tmp/image_2016718_34710_19174.fits

[Jul 07, 16, 03:47:11] Receieved from E. server: realSent /tmp/image_2016718_34711_187837.fits

[Jul 07, 16, 03:47:12] Receieved from E. server: realSent /tmp/image_2016718_34712_356646.fits

[Jul 07, 16, 03:47:13] Sent to E. server: temp
[Jul 07, 16, 03:47:13] Receieved from E. server: temp 20035,20002,-80.5449981689,-80.5449981689,328.290313721,0.0

[Jul 07, 16, 03:47:13] Receieved from E. server: realSent /tmp/image_2016718_34713_525409.fits

[Jul 07, 16, 03:47:14] Receieved from E. server: realSent /tmp/image_2016718_34714_694237.fits

[Jul 07, 16, 03:47:15] Receieved from E. server: realSent /tmp/image_2016718_34715_863091.fits

[Jul 07, 16, 03:47:17] Receieved from E. server: realSent /tmp/image_2016718_34717_31730.fits

[Jul 07, 16, 03:47:18] Receieved from E. server: realSent /tmp/image_2016718_34718_200505.fits

[Jul 07, 16, 03:47:19] Receieved from E. server: realSent /tmp/image_2016718_34719_369260.fits

[Jul 07, 16, 03:47:20] Receieved from E. server: realSent /tmp/image_2016718_34720_537926.fits

[Jul 07, 16, 03:47:21] Receieved from E. server: realSent /tmp/image_2016718_34721_706832.fits

[Jul 07, 16, 03:47:22] Receieved from E. server: realSent /tmp/image_2016718_34722_875578.fits

[Jul 07, 16, 03:47:23] Sent to E. server: temp
[Jul 07, 16, 03:47:23] Receieved from E. server: temp 20035,20002,-80.5449981689,-80.5449981689,328.290313721,0.0

[Jul 07, 16, 03:47:24] Receieved from E. server: realSent /tmp/image_2016718_34724_44388.fits

[Jul 07, 16, 03:47:25] Receieved from E. server: realSent /tmp/image_2016718_34725_213165.fits

[Jul 07, 16, 03:47:26] Receieved from E. server: realSent /tmp/image_2016718_34726_381827.fits

[Jul 07, 16, 03:47:27] Receieved from E. server: realSent /tmp/image_2016718_34727_550604.fits

[Jul 07, 16, 03:47:28] Receieved from E. server: realSent /tmp/image_2016718_34728_719436.fits

[Jul 07, 16, 03:47:29] Receieved from E. server: realSent /tmp/image_2016718_34729_888224.fits

[Jul 07, 16, 03:47:31] Receieved from E. server: realSent /tmp/image_2016718_34731_56978.fits

[Jul 07, 16, 03:47:32] Receieved from E. server: realSent /tmp/image_2016718_34732_225631.fits

[Jul 07, 16, 03:47:33] Sent to E. server: temp
[Jul 07, 16, 03:47:33] Receieved from E. server: temp 20035,20002,-79.8960037231,-80.5449981689,328.290313721,0.0

[Jul 07, 16, 03:47:33] Receieved from E. server: realSent /tmp/image_2016718_34733_395573.fits

[Jul 07, 16, 03:47:34] Receieved from E. server: realSent /tmp/image_2016718_34734_563401.fits

[Jul 07, 16, 03:47:35] Receieved from E. server: realSent /tmp/image_2016718_34735_732083.fits

[Jul 07, 16, 03:47:36] Receieved from E. server: realSent /tmp/image_2016718_34736_900691.fits

[Jul 07, 16, 03:47:38] Receieved from E. server: realSent /tmp/image_2016718_34738_69529.fits

[Jul 07, 16, 03:47:38] entered log
[Jul 07, 16, 03:47:38] logging from exposure class
[Jul 07, 16, 03:47:38] Sent to E. server: abort
[Jul 07, 16, 03:47:38] Stop Exposure
[Jul 07, 16, 03:47:38] Receieved from E. server: real 1

('[Jul 07, 16, 03:47:38] key from post:', 'real')
('[Jul 07, 16, 03:47:38] Stats in log:', ['1'])
[Jul 07, 16, 03:47:38] entered log
[Jul 07, 16, 03:47:38] logging from exposure class
[Jul 07, 16, 03:47:38] Completed real time series with exit: 1
[Jul 07, 16, 03:47:38] Receieved from E. server: abort 1

('[Jul 07, 16, 03:47:38] key from post:', 'abort')
('[Jul 07, 16, 03:47:38] Stats in log:', ['1'])
[Jul 07, 16, 03:47:38] entered log
[Jul 07, 16, 03:47:38] logging from exposure class
[Jul 07, 16, 03:47:38] Aborted 1
[Jul 07, 16, 03:47:43] Sent to E. server: temp
[Jul 07, 16, 03:47:43] Receieved from E. server: temp 20035,20002,-79.8960037231,-80.5449981689,328.290313721,0.0

[Jul 07, 16, 03:47:53] Sent to E. server: temp
[Jul 07, 16, 03:47:53] Receieved from E. server: temp 20035,20002,-79.8960037231,-80.5449981689,328.290313721,0.0

[Jul 07, 16, 03:48:03] Sent to E. server: temp
[Jul 07, 16, 03:48:03] Receieved from E. server: temp 20035,20002,-79.8960037231,-80.5449981689,328.290313721,0.0

[Jul 07, 16, 03:48:13] Sent to E. server: temp
[Jul 07, 16, 03:48:13] Receieved from E. server: temp 20035,20002,-79.2470016479,-80.5449981689,328.290313721,0.0

[Jul 07, 16, 03:48:23] Sent to E. server: temp
[Jul 07, 16, 03:48:23] Receieved from E. server: temp 20035,20002,-79.2470016479,-80.5449981689,328.290313721,0.0

[Jul 07, 16, 03:48:33] Sent to E. server: temp
[Jul 07, 16, 03:48:33] Receieved from E. server: temp 20035,20002,-79.2470016479,-80.5449981689,328.290313721,0.0

[Jul 07, 16, 03:48:43] Sent to E. server: temp
[Jul 07, 16, 03:48:43] Receieved from E. server: temp 20035,20002,-79.2470016479,-80.5449981689,328.290313721,0.0

[Jul 07, 16, 03:48:53] Sent to E. server: temp
[Jul 07, 16, 03:48:53] Receieved from E. server: temp 20035,20002,-79.2470016479,-80.5449981689,328.290313721,0.0

[Jul 07, 16, 03:49:03] Sent to E. server: temp
[Jul 07, 16, 03:49:03] Receieved from E. server: temp 20035,20002,-79.2470016479,-80.5449981689,328.290313721,0.0

[Jul 07, 16, 03:49:13] Sent to E. server: temp
[Jul 07, 16, 03:49:13] Receieved from E. server: temp 20035,20002,-79.2470016479,-80.5449981689,328.290313721,0.0

[Jul 07, 16, 03:49:23] Sent to E. server: temp
[Jul 07, 16, 03:49:23] Receieved from E. server: temp 20036,20002,-79.2470016479,-80.5449981689,328.290313721,0.0

[Jul 07, 16, 03:49:33] Sent to E. server: temp
[Jul 07, 16, 03:49:33] Receieved from E. server: temp 20036,20002,-79.2470016479,-80.5449981689,328.290313721,0.0

[Jul 07, 16, 03:49:43] Sent to E. server: temp
[Jul 07, 16, 03:49:43] Receieved from E. server: temp 20036,20002,-79.2470016479,-80.5449981689,328.290313721,0.0

[Jul 07, 16, 03:49:53] Sent to E. server: temp
[Jul 07, 16, 03:49:53] Receieved from E. server: temp 20036,20002,-79.2470016479,-80.5449981689,328.290313721,0.0

[Jul 07, 16, 03:50:03] Sent to E. server: temp
[Jul 07, 16, 03:50:03] Receieved from E. server: temp 20036,20002,-79.2470016479,-80.5449981689,328.290313721,0.0

[Jul 07, 16, 03:50:13] Sent to E. server: temp
[Jul 07, 16, 03:50:13] Receieved from E. server: temp 20036,20002,-79.2470016479,-80.5449981689,328.290313721,0.0

[Jul 07, 16, 03:50:23] Sent to E. server: temp
[Jul 07, 16, 03:50:23] Receieved from E. server: temp 20036,20002,-79.2470016479,-80.5449981689,328.290313721,0.0

[Jul 07, 16, 03:50:33] Sent to E. server: temp
[Jul 07, 16, 03:50:33] Receieved from E. server: temp 20036,20002,-79.2470016479,-80.5449981689,328.290313721,0.0

[Jul 07, 16, 03:50:43] Sent to E. server: temp
[Jul 07, 16, 03:50:43] Receieved from E. server: temp 20036,20002,-79.2470016479,-80.5449981689,328.290313721,0.0

[Jul 07, 16, 03:50:53] Sent to E. server: temp
[Jul 07, 16, 03:50:53] Receieved from E. server: temp 20036,20002,-79.2470016479,-80.5449981689,328.290313721,0.0

[Jul 07, 16, 03:51:03] Sent to E. server: temp
[Jul 07, 16, 03:51:03] Receieved from E. server: temp 20036,20002,-79.2470016479,-80.5449981689,328.290313721,0.0

[Jul 07, 16, 03:51:13] Sent to E. server: temp
[Jul 07, 16, 03:51:13] Receieved from E. server: temp 20036,20002,-79.2470016479,-80.5449981689,328.290313721,0.0

[Jul 07, 16, 03:51:23] Sent to E. server: temp
[Jul 07, 16, 03:51:23] Receieved from E. server: temp 20036,20002,-79.2470016479,-80.5449981689,328.290313721,0.0

[Jul 07, 16, 03:51:24] entered log
[Jul 07, 16, 03:51:24] logging from temperature class
[Jul 07, 16, 03:51:24] Sent to E. server: warmup
[Jul 07, 16, 03:51:24] Receieved from E. server: warmup 1

('[Jul 07, 16, 03:51:24] key from post:', 'warmup')
('[Jul 07, 16, 03:51:24] Stats in log:', ['1'])
[Jul 07, 16, 03:51:24] entered log
[Jul 07, 16, 03:51:24] logging from temperature class
[Jul 07, 16, 03:51:24] Warmed with exit: 1
[Jul 07, 16, 03:51:33] Sent to E. server: temp
[Jul 07, 16, 03:51:33] Receieved from E. server: temp 20034,20002,-77.9489974976,26.5400009155,321.96774292,0.0

[Jul 07, 16, 03:51:43] Sent to E. server: temp
[Jul 07, 16, 03:51:43] Receieved from E. server: temp 20034,20002,-74.7040023804,26.5400009155,318.80645752,0.0

[Jul 07, 16, 03:51:53] Sent to E. server: temp
[Jul 07, 16, 03:51:53] Receieved from E. server: temp 20034,20002,-70.1610031128,26.5400009155,315.645172119,0.0

[Jul 07, 16, 03:52:03] Sent to E. server: temp
[Jul 07, 16, 03:52:03] Receieved from E. server: temp 20034,20002,-65.6179962158,26.5400009155,310.90322876,0.0

[Jul 07, 16, 03:52:13] Sent to E. server: temp
[Jul 07, 16, 03:52:13] Receieved from E. server: temp 20034,20002,-60.4259986877,26.5400009155,307.741943359,0.0

[Jul 07, 16, 03:52:23] Sent to E. server: temp
[Jul 07, 16, 03:52:23] Receieved from E. server: temp 20034,20002,-55.8829994202,26.5400009155,304.580657959,0.0

[Jul 07, 16, 03:52:33] Sent to E. server: temp
[Jul 07, 16, 03:52:33] Receieved from E. server: temp 20034,20002,-51.3400001526,26.5400009155,301.419342041,0.0

[Jul 07, 16, 03:52:43] Sent to E. server: temp
[Jul 07, 16, 03:52:43] Receieved from E. server: temp 20034,20002,-48.0950012207,26.5400009155,301.419342041,0.0

[Jul 07, 16, 03:52:53] Sent to E. server: temp
[Jul 07, 16, 03:52:53] Receieved from E. server: temp 20034,20002,-44.2010002136,26.5400009155,299.8387146,0.0

[Jul 07, 16, 03:53:03] Sent to E. server: temp
[Jul 07, 16, 03:53:03] Receieved from E. server: temp 20034,20002,-40.3069992065,26.5400009155,298.258056641,0.0

[Jul 07, 16, 03:53:13] Sent to E. server: temp
[Jul 07, 16, 03:53:13] Receieved from E. server: temp 20034,20002,-37.7109985352,26.5400009155,296.677429199,0.0

[Jul 07, 16, 03:53:23] Sent to E. server: temp
[Jul 07, 16, 03:53:23] Receieved from E. server: temp 20034,20002,-35.1150016785,26.5400009155,295.09677124,0.0

[Jul 07, 16, 03:53:33] Sent to E. server: temp
[Jul 07, 16, 03:53:33] Receieved from E. server: temp 20034,20002,-31.8700008392,26.5400009155,295.09677124,0.0

[Jul 07, 16, 03:53:43] Sent to E. server: temp
[Jul 07, 16, 03:53:43] Receieved from E. server: temp 20034,20002,-29.2740001678,26.5400009155,295.09677124,0.0

[Jul 07, 16, 03:53:53] Sent to E. server: temp
[Jul 07, 16, 03:53:53] Receieved from E. server: temp 20034,20002,-26.6779994965,26.5400009155,295.09677124,0.0

[Jul 07, 16, 03:54:03] Sent to E. server: temp
[Jul 07, 16, 03:54:03] Receieved from E. server: temp 20034,20002,-24.7310009003,26.5400009155,293.516143799,0.0

[Jul 07, 16, 03:54:13] Sent to E. server: temp
[Jul 07, 16, 03:54:13] Receieved from E. server: temp 20034,20002,-22.7840003967,26.5400009155,293.516143799,0.0

[Jul 07, 16, 03:54:23] Sent to E. server: temp
[Jul 07, 16, 03:54:23] Receieved from E. server: temp 20034,20002,-20.1879997253,26.5400009155,291.93548584,0.0

[Jul 07, 16, 03:54:33] Sent to E. server: temp
[Jul 07, 16, 03:54:33] Receieved from E. server: temp 20034,20002,-18.2409992218,26.5400009155,291.93548584,0.0

[Jul 07, 16, 03:54:43] Sent to E. server: temp
[Jul 07, 16, 03:54:43] Receieved from E. server: temp 20034,20002,-16.2940006256,26.5400009155,291.93548584,0.0

[Jul 07, 16, 03:54:53] Sent to E. server: temp
[Jul 07, 16, 03:54:53] Receieved from E. server: temp 20034,20002,-14.3470001221,26.5400009155,290.354827881,0.0

[Jul 07, 16, 03:55:03] Sent to E. server: temp
[Jul 07, 16, 03:55:03] Receieved from E. server: temp 20034,20002,-13.0489997864,26.5400009155,290.354827881,0.0

[Jul 07, 16, 03:55:13] Sent to E. server: temp
[Jul 07, 16, 03:55:13] Receieved from E. server: temp 20034,20002,-11.7510004044,26.5400009155,290.354827881,0.0

[Jul 07, 16, 03:55:23] Sent to E. server: temp
[Jul 07, 16, 03:55:23] Receieved from E. server: temp 20034,20002,-9.80399990082,26.5400009155,290.354827881,0.0

[Jul 07, 16, 03:55:33] Sent to E. server: temp
[Jul 07, 16, 03:55:33] Receieved from E. server: temp 20034,20002,-8.50599956512,26.5400009155,290.354827881,0.0

[Jul 07, 16, 03:55:43] Sent to E. server: temp
[Jul 07, 16, 03:55:43] Receieved from E. server: temp 20034,20002,-7.20800018311,26.5400009155,290.354827881,0.0

[Jul 07, 16, 03:55:53] Sent to E. server: temp
[Jul 07, 16, 03:55:53] Receieved from E. server: temp 20034,20002,-5.90999984741,26.5400009155,290.354827881,0.0

[Jul 07, 16, 03:56:03] Sent to E. server: temp
[Jul 07, 16, 03:56:03] Receieved from E. server: temp 20034,20002,-4.61199998856,26.5400009155,290.354827881,0.0

[Jul 07, 16, 03:56:13] Sent to E. server: temp
[Jul 07, 16, 03:56:13] Receieved from E. server: temp 20034,20002,-3.96300005913,26.5400009155,290.354827881,0.0

[Jul 07, 16, 03:56:23] Sent to E. server: temp
[Jul 07, 16, 03:56:23] Receieved from E. server: temp 20034,20002,-2.01600003242,26.5400009155,290.354827881,0.0

[Jul 07, 16, 03:56:33] Sent to E. server: temp
[Jul 07, 16, 03:56:33] Receieved from E. server: temp 20034,20002,-1.36699998379,26.5400009155,288.774200439,0.0

[Jul 07, 16, 03:56:43] Sent to E. server: temp
[Jul 07, 16, 03:56:43] Receieved from E. server: temp 20034,20002,-0.0689999982715,26.5400009155,288.774200439,0.0

[Jul 07, 16, 03:56:53] Sent to E. server: temp
[Jul 07, 16, 03:56:53] Receieved from E. server: temp 20034,20002,0.579999983311,26.5400009155,288.774200439,0.0

[Jul 07, 16, 03:57:03] Sent to E. server: temp
[Jul 07, 16, 03:57:03] Receieved from E. server: temp 20034,20002,1.22899997234,26.5400009155,288.774200439,0.0

[Jul 07, 16, 03:57:13] Sent to E. server: temp
[Jul 07, 16, 03:57:13] Receieved from E. server: temp 20034,20002,1.87800002098,26.5400009155,288.774200439,0.0

[Jul 07, 16, 03:57:19] Sent to E. server: shutdown
[Jul 07, 16, 03:57:20] Receieved from E. server: shutdown 1

('[Jul 07, 16, 03:57:20] key from post:', 'shutdown')
('[Jul 07, 16, 03:57:20] Stats in log:', ['1'])
[Jul 07, 16, 03:57:20] entered logMethod
[03:57:20]logging from exposure class
[Jul 07, 16, 03:57:20] Thread with key temp is shutdown
('[Jul 07, 16, 03:57:20] key from post:', 'connectLost')
('[Jul 07, 16, 03:57:20] Stats in log:', ['1'])
[Jul 07, 16, 03:57:20] entered log
[Jul 07, 16, 03:57:20] logging from exposure class
[Jul 07, 16, 03:57:20] connection to E. server lost normally on port 5502
[Jul 07, 16, 03:58:04] Closing down Evora GUI
[Jul 07, 16, 03:58:04] destroying image frame in quit method
[Jul 07, 16, 03:58:04] reactor stopped, finished quitting
