Connecting
Receieved: status 20002,20073

20002,20073 Startup callback entered
('key from post:', 'status')
('Stats in log:', ['20002'])
entered log
logging from exposure class
status from connect callback 20002
Receieved: temp 20034,20002,21.3479995728,26.5400009155,290.354827881,0.0

Receieved: shutdown 1

('key from post:', 'shutdown')
('Stats in log:', ['1'])
entered log
logging from exposure class
Thread with key temp is shutdown
('key from post:', 'connectLost')
('Stats in log:', ['1'])
entered log
logging from exposure class
connection Lost
