
[INFO/photoAcquisitionGUI.py:501] 2020-02-27 16:25:56 (MainProcess/MainThread)
> Connect pressed in Filter menu

[DEBUG/photoAcquisitionGUI.py:301] 2020-02-27 16:26:02 (MainProcess/MainThread)
> setting binning type to 1x1

[DEBUG/photoAcquisitionGUI.py:309] 2020-02-27 16:26:06 (MainProcess/MainThread)
> setting binning type to 2x2

[INFO/photoAcquisitionGUI.py:519] 2020-02-27 16:26:18 (MainProcess/MainThread)
> Disconnect pressed in filter menu

[DEBUG/AddLinearSpacer.py:167] 2020-02-27 16:26:18 (MainProcess/MainThread)
> key from post: filter

[DEBUG/AddLinearSpacer.py:169] 2020-02-27 16:26:18 (MainProcess/MainThread)
> Stats in log:['connectFailed']

[INFO/acquisitionClasses.py:1557] 2020-02-27 16:26:18 (MainProcess/MainThread)
> entered log in filter classes

[INFO/acquisitionClasses.py:1543] 2020-02-27 16:26:18 (MainProcess/MainThread)
> logging from exposure class

[WARNING/photoAcquisitionGUI.py:1252] 2020-02-27 16:26:18 (MainProcess/MainThread)
> connection failed on port 5503

[DEBUG/photoAcquisitionGUI.py:576] 2020-02-27 16:26:20 (MainProcess/MainThread)
> current slider value 60

[INFO/photoAcquisitionGUI.py:225] 2020-02-27 16:26:20 (MainProcess/MainThread)
> Opening image window.

[INFO/photoAcquisitionGUI.py:664] 2020-02-27 16:26:24 (MainProcess/MainThread)
> Trying to open image

[INFO/acquisitionClasses.py:908] 2020-02-27 16:26:42 (MainProcess/MainThread)
> Flat

[INFO/acquisitionClasses.py:928] 2020-02-27 16:26:44 (MainProcess/MainThread)
> Real Time

[INFO/acquisitionClasses.py:908] 2020-02-27 16:26:45 (MainProcess/MainThread)
> Object

[INFO/acquisitionClasses.py:908] 2020-02-27 16:26:46 (MainProcess/MainThread)
> Bias

[INFO/photoAcquisitionGUI.py:237] 2020-02-27 16:28:02 (MainProcess/MainThread)
> Closing down Evora GUI

[INFO/photoAcquisitionGUI.py:260] 2020-02-27 16:28:02 (MainProcess/MainThread)
> destroying image frame

[INFO/photoAcquisitionGUI.py:267] 2020-02-27 16:28:02 (MainProcess/MainThread)
> reactor stopped, finished quitting

[INFO/acquisitionClasses.py:885] 2020-02-27 16:38:51 (MainProcess/MainThread)
> Flat

[INFO/acquisitionClasses.py:885] 2020-02-27 16:38:51 (MainProcess/MainThread)
> Dark

[INFO/acquisitionClasses.py:885] 2020-02-27 16:38:52 (MainProcess/MainThread)
> Object

[INFO/acquisitionClasses.py:905] 2020-02-27 16:38:53 (MainProcess/MainThread)
> Real Time

[INFO/acquisitionClasses.py:905] 2020-02-27 16:38:54 (MainProcess/MainThread)
> Series

[DEBUG/acquisitionClasses.py:1278] 2020-02-27 16:38:55 (MainProcess/MainThread)
> selection: B

[DEBUG/photoAcquisitionGUI.py:563] 2020-02-27 16:39:10 (MainProcess/MainThread)
> current slider value 60

[INFO/photoAcquisitionGUI.py:219] 2020-02-27 16:39:11 (MainProcess/MainThread)
> Opening image window.

[INFO/photoAcquisitionGUI.py:231] 2020-02-27 16:40:36 (MainProcess/MainThread)
> Closing down Evora GUI

[INFO/photoAcquisitionGUI.py:254] 2020-02-27 16:40:36 (MainProcess/MainThread)
> destroying image frame

[INFO/photoAcquisitionGUI.py:261] 2020-02-27 16:40:36 (MainProcess/MainThread)
> reactor stopped, finished quitting

[DEBUG/photoAcquisitionGUI.py:563] 2020-02-27 16:40:47 (MainProcess/MainThread)
> current slider value 60

[INFO/photoAcquisitionGUI.py:219] 2020-02-27 16:40:47 (MainProcess/MainThread)
> Opening image window.

[INFO/photoAcquisitionGUI.py:651] 2020-02-27 16:40:48 (MainProcess/MainThread)
> Trying to open image

[INFO/photoAcquisitionGUI.py:642] 2020-02-27 16:40:53 (MainProcess/MainThread)
> entered close

[INFO/photoAcquisitionGUI.py:231] 2020-02-27 16:41:02 (MainProcess/MainThread)
> Closing down Evora GUI

[INFO/photoAcquisitionGUI.py:261] 2020-02-27 16:41:02 (MainProcess/MainThread)
> reactor stopped, finished quitting

[INFO/photoAcquisitionGUI.py:232] 2020-02-27 16:44:03 (MainProcess/MainThread)
> Closing down Evora GUI

[INFO/photoAcquisitionGUI.py:262] 2020-02-27 16:44:03 (MainProcess/MainThread)
> reactor stopped, finished quitting

[INFO/photoAcquisitionGUI.py:232] 2020-02-27 16:44:18 (MainProcess/MainThread)
> Closing down Evora GUI

[INFO/photoAcquisitionGUI.py:262] 2020-02-27 16:44:18 (MainProcess/MainThread)
> reactor stopped, finished quitting

[INFO/photoAcquisitionGUI.py:232] 2020-02-27 16:44:51 (MainProcess/MainThread)
> Closing down Evora GUI

[INFO/photoAcquisitionGUI.py:262] 2020-02-27 16:44:51 (MainProcess/MainThread)
> reactor stopped, finished quitting

[INFO/acquisitionClasses.py:885] 2020-02-27 16:44:58 (MainProcess/MainThread)
> Flat

[INFO/acquisitionClasses.py:885] 2020-02-27 16:44:58 (MainProcess/MainThread)
> Dark

[INFO/acquisitionClasses.py:885] 2020-02-27 16:44:59 (MainProcess/MainThread)
> Object

[INFO/acquisitionClasses.py:905] 2020-02-27 16:45:09 (MainProcess/MainThread)
> Real Time

[DEBUG/photoAcquisitionGUI.py:564] 2020-02-27 16:45:17 (MainProcess/MainThread)
> current slider value 60

[INFO/photoAcquisitionGUI.py:220] 2020-02-27 16:45:17 (MainProcess/MainThread)
> Opening image window.

[INFO/photoAcquisitionGUI.py:652] 2020-02-27 16:45:19 (MainProcess/MainThread)
> Trying to open image

[INFO/photoAcquisitionGUI.py:643] 2020-02-27 16:45:27 (MainProcess/MainThread)
> entered close

[INFO/photoAcquisitionGUI.py:232] 2020-02-27 16:45:29 (MainProcess/MainThread)
> Closing down Evora GUI

[INFO/photoAcquisitionGUI.py:262] 2020-02-27 16:45:29 (MainProcess/MainThread)
> reactor stopped, finished quitting

[DEBUG/photoAcquisitionGUI.py:294] 2020-02-27 16:45:57 (MainProcess/MainThread)
> setting binning type to 1x1

[DEBUG/photoAcquisitionGUI.py:316] 2020-02-27 16:45:59 (MainProcess/MainThread)
> setting readout index to index 1

[INFO/photoAcquisitionGUI.py:323] 2020-02-27 16:46:02 (MainProcess/MainThread)
> Connect command pressed

[INFO/photoAcquisitionGUI.py:1189] 2020-02-27 16:46:02 (MainProcess/MainThread)
> Connection made to transfer images.

[INFO/photoAcquisitionGUI.py:232] 2020-02-27 16:46:12 (MainProcess/MainThread)
> Closing down Evora GUI

[INFO/photoAcquisitionGUI.py:262] 2020-02-27 16:46:12 (MainProcess/MainThread)
> reactor stopped, finished quitting

[DEBUG/log_utils.py:49] 2020-02-27 16:46:12 (MainProcess/MainThread)
> key from post: filter

[DEBUG/log_utils.py:51] 2020-02-27 16:46:12 (MainProcess/MainThread)
> Stats in log:['connectLost']

[INFO/acquisitionClasses.py:1513] 2020-02-27 16:46:12 (MainProcess/MainThread)
> entered log in filter classes

[INFO/acquisitionClasses.py:1499] 2020-02-27 16:46:12 (MainProcess/MainThread)
> logging from exposure class

[INFO/photoAcquisitionGUI.py:1261] 2020-02-27 16:46:12 (MainProcess/MainThread)
> connection lost normally on port 5503

[DEBUG/log_utils.py:49] 2020-02-27 16:46:12 (MainProcess/MainThread)
> key from post: connectFailed

[DEBUG/log_utils.py:51] 2020-02-27 16:46:12 (MainProcess/MainThread)
> Stats in log:['1']

[INFO/acquisitionClasses.py:742] 2020-02-27 16:46:12 (MainProcess/MainThread)
> entered log

[INFO/acquisitionClasses.py:729] 2020-02-27 16:46:12 (MainProcess/MainThread)
> logging from exposure class

[WARNING/photoAcquisitionGUI.py:1054] 2020-02-27 16:46:12 (MainProcess/MainThread)
> connection to E. server failed on port 5502

[INFO/acquisitionClasses.py:885] 2020-02-27 16:48:24 (MainProcess/MainThread)
> Flat

[INFO/acquisitionClasses.py:885] 2020-02-27 16:48:24 (MainProcess/MainThread)
> Dark

[INFO/acquisitionClasses.py:905] 2020-02-27 16:48:26 (MainProcess/MainThread)
> Real Time

[DEBUG/acquisitionClasses.py:1278] 2020-02-27 16:48:28 (MainProcess/MainThread)
> selection: B

[DEBUG/photoAcquisitionGUI.py:316] 2020-02-27 16:48:35 (MainProcess/MainThread)
> setting readout index to index 2

[DEBUG/photoAcquisitionGUI.py:294] 2020-02-27 16:48:36 (MainProcess/MainThread)
> setting binning type to 1x1

[INFO/photoAcquisitionGUI.py:323] 2020-02-27 16:48:38 (MainProcess/MainThread)
> Connect command pressed

[INFO/photoAcquisitionGUI.py:1189] 2020-02-27 16:48:38 (MainProcess/MainThread)
> Connection made to transfer images.

[DEBUG/photoAcquisitionGUI.py:564] 2020-02-27 16:48:43 (MainProcess/MainThread)
> current slider value 60

[INFO/photoAcquisitionGUI.py:220] 2020-02-27 16:48:43 (MainProcess/MainThread)
> Opening image window.

[INFO/photoAcquisitionGUI.py:652] 2020-02-27 16:48:45 (MainProcess/MainThread)
> Trying to open image

[INFO/photoAcquisitionGUI.py:672] 2020-02-27 16:48:58 (MainProcess/MainThread)
> Inverting image gray scale

[INFO/photoAcquisitionGUI.py:677] 2020-02-27 16:48:59 (MainProcess/MainThread)
> Changing image to regular gray scale

[INFO/photoAcquisitionGUI.py:672] 2020-02-27 16:49:00 (MainProcess/MainThread)
> Inverting image gray scale

[DEBUG/log_utils.py:49] 2020-02-27 16:49:09 (MainProcess/MainThread)
> key from post: connectFailed

[DEBUG/log_utils.py:51] 2020-02-27 16:49:09 (MainProcess/MainThread)
> Stats in log:['1']

[INFO/acquisitionClasses.py:742] 2020-02-27 16:49:09 (MainProcess/MainThread)
> entered log

[INFO/acquisitionClasses.py:729] 2020-02-27 16:49:09 (MainProcess/MainThread)
> logging from exposure class

[WARNING/photoAcquisitionGUI.py:1054] 2020-02-27 16:49:09 (MainProcess/MainThread)
> connection to E. server failed on port 5502

[INFO/photoAcquisitionGUI.py:643] 2020-02-27 16:49:14 (MainProcess/MainThread)
> entered close

[INFO/photoAcquisitionGUI.py:232] 2020-02-27 16:49:17 (MainProcess/MainThread)
> Closing down Evora GUI

[INFO/photoAcquisitionGUI.py:262] 2020-02-27 16:49:17 (MainProcess/MainThread)
> reactor stopped, finished quitting
