 [Jul 07, 16, 17:24:37] status [Jul 07, 16, 17:24:37] 
 [Jul 07, 16, 17:24:37] received [Jul 07, 16, 17:24:37]   [Jul 07, 16, 17:24:37] connect [Jul 07, 16, 17:24:37] 
 [Jul 07, 16, 17:24:37] connect [Jul 07, 16, 17:24:37] 
 [Jul 07, 16, 17:24:37] [20002, 140539919859713L] [Jul 07, 16, 17:24:37] 
 [Jul 07, 16, 17:24:37] [20002, 100L] [Jul 07, 16, 17:24:37] 
 [Jul 07, 16, 17:24:37] set camera: [Jul 07, 16, 17:24:37]   [Jul 07, 16, 17:24:37] 20002 [Jul 07, 16, 17:24:37] 
 [Jul 07, 16, 17:24:48] Init: [Jul 07, 16, 17:24:48]   [Jul 07, 16, 17:24:48] 20002 [Jul 07, 16, 17:24:48] 
 [Jul 07, 16, 17:24:48] Status: [Jul 07, 16, 17:24:48]   [Jul 07, 16, 17:24:48] [20002, 20073] [Jul 07, 16, 17:24:48] 
 [Jul 07, 16, 17:24:48] SetAcquisitionMode: [Jul 07, 16, 17:24:48]   [Jul 07, 16, 17:24:48] 20002 [Jul 07, 16, 17:24:48] 
 [Jul 07, 16, 17:24:48] SetShutter: [Jul 07, 16, 17:24:48]   [Jul 07, 16, 17:24:48] 20002 [Jul 07, 16, 17:24:48] 
 [Jul 07, 16, 17:24:48] SetTemperature: [Jul 07, 16, 17:24:48]   [Jul 07, 16, 17:24:48] 20066 [Jul 07, 16, 17:24:48] 
 [Jul 07, 16, 17:24:48] SetFan [Jul 07, 16, 17:24:48]   [Jul 07, 16, 17:24:48] 20002 [Jul 07, 16, 17:24:48] 
 [Jul 07, 16, 17:24:48] SetCooler [Jul 07, 16, 17:24:48]   [Jul 07, 16, 17:24:48] 20002 [Jul 07, 16, 17:24:48] 
 [Jul 07, 16, 17:24:48] received [Jul 07, 16, 17:24:48]   [Jul 07, 16, 17:24:48] temp [Jul 07, 16, 17:24:48] 
 [Jul 07, 16, 17:24:48] temp [Jul 07, 16, 17:24:48] 
 [Jul 07, 16, 17:24:48] [20002, 22.645999908447266, 26.540000915527344, 301.4193420410156, 0.0] [Jul 07, 16, 17:24:48] 
 [Jul 07, 16, 17:24:58] received [Jul 07, 16, 17:24:58]   [Jul 07, 16, 17:24:58] temp [Jul 07, 16, 17:24:58] 
 [Jul 07, 16, 17:24:58] temp [Jul 07, 16, 17:24:58] 
 [Jul 07, 16, 17:24:58] [20002, 22.645999908447266, 26.540000915527344, 301.4193420410156, 0.0] [Jul 07, 16, 17:24:58] 
 [Jul 07, 16, 17:25:01] received [Jul 07, 16, 17:25:01]   [Jul 07, 16, 17:25:01] shutdown [Jul 07, 16, 17:25:01] 
 [Jul 07, 16, 17:25:01] shutdown [Jul 07, 16, 17:25:01] 
 [Jul 07, 16, 17:25:01] [20002, 22.645999908447266, 26.540000915527344, 301.4193420410156, 0.0] [Jul 07, 16, 17:25:01] 
 [Jul 07, 16, 17:25:01] closing down camera connection [Jul 07, 16, 17:25:01] 
